     1                                  bits 32 ; assembling for the 32 bits architecture
     2                                  
     3                                  ; declare the EntryPoint (a label defining the very first instruction of the program)
     4                                  global start        
     5                                  
     6                                  ; declare external functions needed by our program
     7                                  extern exit               ; tell nasm that exit exists even if we won't be defining it
     8                                  import exit msvcrt.dll    ; exit is a function that ends the calling process. It is defined in msvcrt.dll
     9                                                            ; msvcrt.dll contains exit, printf and all the other important C-runtime specific functions
    10                                  
    11                                  ; our data is declared here (the variables needed by our program)
    12                                  segment data use32 class=data
    13 00000000 04                          a db 4
    14 00000001 05                          b db 5
    15 00000002 07                          c db 7
    16 00000003 08                          d db 8
    17                                  
    18                                  ; our code starts here
    19                                  segment code use32 class=code
    20                                      start:
    21                                          ; (b+c)+(a+b-d)
    22 00000000 66A1[01000000]                  mov ax, [b]
    23 00000006 660305[02000000]                add ax, [c]
    24 0000000D 668B1D[00000000]                mov bx, [a]
    25 00000014 66031D[01000000]                add bx, [b]
    26 0000001B 662B1D[03000000]                sub bx, [d]
    27 00000022 6601D8                          add ax, bx
    28                                      
    29                                          ; exit(0)
    30 00000025 6A00                            push    dword 0      ; push the parameter for exit onto the stack
    31 00000027 FF15[00000000]                  call    [exit]       ; call exit to terminate the program
