     1                                  bits 32 ; assembling for the 32 bits architecture
     2                                  
     3                                  ; declare the EntryPoint (a label defining the very first instruction of the program)
     4                                  global start        
     5                                  
     6                                  ; declare external functions needed by our program
     7                                  extern exit               ; tell nasm that exit exists even if we won't be defining it
     8                                  import exit msvcrt.dll    ; exit is a function that ends the calling process. It is defined in msvcrt.dll
     9                                                            ; msvcrt.dll contains exit, printf and all the other important C-runtime specific functions
    10                                  
    11                                  ; our data is declared here (the variables needed by our program)
    12                                  segment data use32 class=data
    13 00000000 02                          a db 2
    14 00000001 03                          b db 3
    15 00000002 04                          c db 4
    16 00000003 1200                        d dw 18
    17                                  
    18                                  ; our code starts here
    19                                  segment code use32 class=code
    20                                      start:
    21                                          ; 29)[d-(a+b)*2]/c
    22 00000000 A0[00000000]                    mov al, [a]
    23 00000005 0205[01000000]                  add al, [b]
    24 0000000B B402                            mov ah, 2
    25 0000000D F6E4                            mul byte ah
    26 0000000F B400                            mov ah, 0
    27 00000011 66BB[0300]                      mov bx, d
    28 00000015 6629C3                          sub bx, ax
    29 00000018 F635[02000000]                  div byte [c]
    30                                          
    31                                          
    32                                          ; exit(0)
    33 0000001E 6A00                            push    dword 0      ; push the parameter for exit onto the stack
    34 00000020 FF15[00000000]                  call    [exit]       ; call exit to terminate the program
