     1                                  bits 32 ; assembling for the 32 bits architecture
     2                                  
     3                                  ; declare the EntryPoint (a label defining the very first instruction of the program)
     4                                  global start        
     5                                  
     6                                  ; declare external functions needed by our program
     7                                  extern exit               ; tell nasm that exit exists even if we won't be defining it
     8                                  import exit msvcrt.dll    ; exit is a function that ends the calling process. It is defined in msvcrt.dll
     9                                                            ; msvcrt.dll contains exit, printf and all the other important C-runtime specific functions
    10                                  
    11                                  ; our data is declared here (the variables needed by our program)
    12                                  segment data use32 class=data
    13 00000000 00000080                    a dd 10000000000000000000000000000000b
    14 00000004 00000080                    b dd 10000000000000000000000000000000b
    15                                      
    16                                  
    17                                  ; our code starts here
    18                                  segment code use32 class=code
    19                                      start:
    20 00000000 A1[00000000]                    mov eax, [a]
    21 00000005 8B1D[04000000]                  mov ebx, [b]
    22 0000000B 11D8                            adc eax, ebx
    23                                          
    24                                      
    25                                          ; exit(0)
    26 0000000D 6A00                            push    dword 0      ; push the parameter for exit onto the stack
    27 0000000F FF15[00000000]                  call    [exit]       ; call exit to terminate the program
